<?xml version="1.0" encoding="UTF-8"?>
<!-- Generated by org.testng.reporters.JUnitReportReporter -->
<testsuite hostname="Sureshs-MBP.lan" failures="0" tests="22" name="DS.testrunner.Runner" time="449.748" errors="2" timestamp="2024-04-22T18:07:43 CDT" skipped="0">
  <testcase classname="DS.testrunner.Runner" name="runScenario" time="13.843">
    <error message="Index 0 out of bounds for length 0" type="java.lang.IndexOutOfBoundsException">
      <![CDATA[java.lang.IndexOutOfBoundsException: Index 0 out of bounds for length 0
at java.base/jdk.internal.util.Preconditions.outOfBounds(Preconditions.java:64)
at java.base/jdk.internal.util.Preconditions.outOfBoundsCheckIndex(Preconditions.java:70)
at java.base/jdk.internal.util.Preconditions.checkIndex(Preconditions.java:266)
at java.base/java.util.Objects.checkIndex(Objects.java:361)
at java.base/java.util.ArrayList.get(ArrayList.java:427)
at DS.pages.Arrayspage.practiceQuestionListValidData(Arrayspage.java:97)
at DS.stepdefination.Arrays_stepdefination.user_should_be_able_to_enter_the_code(Arrays_stepdefination.java:56)
at ✽.user should be able to enter the code(file:///Users/muvva/Desktop/new/DSAlgoproject1/src/test/resources/featurefile/arrays.feature:22)
]]>
    </error>
  </testcase> <!-- runScenario -->
  <system-out/>
  <testcase classname="DS.testrunner.Runner" name="runScenario" time="11.783"/>
  <system-out/>
  <testcase classname="DS.testrunner.Runner" name="runScenario" time="11.584"/>
  <system-out/>
  <testcase classname="DS.testrunner.Runner" name="runScenario" time="26.705"/>
  <system-out/>
  <testcase classname="DS.testrunner.Runner" name="runScenario" time="35.980"/>
  <system-out/>
  <testcase classname="DS.testrunner.Runner" name="runScenario" time="28.746"/>
  <system-out/>
  <testcase classname="DS.testrunner.Runner" name="runScenario" time="12.066"/>
  <system-out/>
  <testcase classname="DS.testrunner.Runner" name="runScenario" time="57.089"/>
  <system-out/>
  <testcase classname="DS.testrunner.Runner" name="runScenario" time="26.437"/>
  <system-out/>
  <testcase classname="DS.testrunner.Runner" name="runScenario" time="24.959"/>
  <system-out/>
  <testcase classname="DS.testrunner.Runner" name="runScenario" time="25.380"/>
  <system-out/>
  <testcase classname="DS.testrunner.Runner" name="runScenario" time="10.558">
    <error message="Index 0 out of bounds for length 0" type="java.lang.IndexOutOfBoundsException">
      <![CDATA[java.lang.IndexOutOfBoundsException: Index 0 out of bounds for length 0
at java.base/jdk.internal.util.Preconditions.outOfBounds(Preconditions.java:64)
at java.base/jdk.internal.util.Preconditions.outOfBoundsCheckIndex(Preconditions.java:70)
at java.base/jdk.internal.util.Preconditions.checkIndex(Preconditions.java:266)
at java.base/java.util.Objects.checkIndex(Objects.java:361)
at java.base/java.util.ArrayList.get(ArrayList.java:427)
at DS.pages.Arrayspage.practiceQuestionListValidData(Arrayspage.java:97)
at DS.stepdefination.Arrays_stepdefination.user_should_be_able_to_enter_the_code(Arrays_stepdefination.java:56)
at ✽.user should be able to enter the code(file:///Users/muvva/Desktop/new/DSAlgoproject1/src/test/resources/featurefile/practiceQuestions.feature:8)
]]>
    </error>
  </testcase> <!-- runScenario -->
  <system-out/>
  <testcase classname="DS.testrunner.Runner" name="runScenario" time="36.521"/>
  <system-out/>
  <testcase classname="DS.testrunner.Runner" name="runScenario" time="11.474"/>
  <system-out/>
  <testcase classname="DS.testrunner.Runner" name="runScenario" time="32.207"/>
  <system-out/>
  <testcase classname="DS.testrunner.Runner" name="runScenario" time="27.123"/>
  <system-out/>
  <testcase classname="DS.testrunner.Runner" name="runScenario" time="9.090"/>
  <system-out/>
  <testcase classname="DS.testrunner.Runner" name="runScenario" time="7.914"/>
  <system-out/>
  <testcase classname="DS.testrunner.Runner" name="runScenario" time="10.168"/>
  <system-out/>
  <testcase classname="DS.testrunner.Runner" name="runScenario" time="9.038"/>
  <system-out/>
  <testcase classname="DS.testrunner.Runner" name="runScenario" time="12.032"/>
  <system-out/>
  <testcase classname="DS.testrunner.Runner" name="runScenario" time="9.051"/>
  <system-out/>
</testsuite> <!-- DS.testrunner.Runner -->
